<?xml version="1.0" encoding="UTF-8"?>
<!-- Generated by org.testng.reporters.JUnitXMLReporter -->
<testsuite ignored="0" hostname="DESKTOP-QNHJ5Q7" failures="0" tests="3" name="Test" time="57.389" errors="0" timestamp="2022-12-08T02:43:22 PST">
  <testcase classname="ddtExample.NOPCommApp" name="verifyLoginFeatureWithInValid" time="10.492"/>
  <testcase classname="ddtExample.NOPCommApp" name="verifyLoginFeatureWithInValid" time="9.789"/>
  <testcase classname="ddtExample.NOPCommApp" name="verifyLoginFeatureWithInValid" time="9.742"/>
</testsuite> <!-- Test -->
