<?xml version="1.0" encoding="UTF-8"?>
<testng-results skipped="0" failed="0" total="1" passed="1">
  <reporter-output>
  </reporter-output>
  <suite name="Suite" duration-ms="47103" started-at="2022-12-07T10:29:32Z" finished-at="2022-12-07T10:30:20Z">
    <groups>
    </groups>
    <test name="Test" duration-ms="47103" started-at="2022-12-07T10:29:32Z" finished-at="2022-12-07T10:30:20Z">
      <class name="excelFileExample.RegisterStudentExcelTest">
        <test-method status="PASS" signature="RegistrationDataDrivernTest()[pri:0, instance:excelFileExample.RegisterStudentExcelTest@6a2bcfcb]" name="RegistrationDataDrivernTest" duration-ms="47072" started-at="2022-12-07T02:29:32Z" finished-at="2022-12-07T02:30:20Z">
          <reporter-output>
          </reporter-output>
        </test-method> <!-- RegistrationDataDrivernTest -->
      </class> <!-- excelFileExample.RegisterStudentExcelTest -->
    </test> <!-- Test -->
  </suite> <!-- Suite -->
</testng-results>
